c:\users\martin\documents\visual studio 2015\projects\spy hunter\spy hunter\debug\vc140.pdb
c:\users\martin\documents\visual studio 2015\projects\spy hunter\spy hunter\debug\vc140.idb
c:\users\martin\documents\visual studio 2015\projects\spy hunter\spy hunter\debug\asteroidsgame.nativecodeanalysis.xml
c:\users\martin\documents\visual studio 2015\projects\spy hunter\spy hunter\debug\casteroid.nativecodeanalysis.xml
c:\users\martin\documents\visual studio 2015\projects\spy hunter\spy hunter\debug\cbkground.nativecodeanalysis.xml
c:\users\martin\documents\visual studio 2015\projects\spy hunter\spy hunter\debug\cbullet.nativecodeanalysis.xml
c:\users\martin\documents\visual studio 2015\projects\spy hunter\spy hunter\debug\cbutton.nativecodeanalysis.xml
c:\users\martin\documents\visual studio 2015\projects\spy hunter\spy hunter\debug\cfont.nativecodeanalysis.xml
c:\users\martin\documents\visual studio 2015\projects\spy hunter\spy hunter\debug\cfontmgr.nativecodeanalysis.xml
c:\users\martin\documents\visual studio 2015\projects\spy hunter\spy hunter\debug\cinputmgr.nativecodeanalysis.xml
c:\users\martin\documents\visual studio 2015\projects\spy hunter\spy hunter\debug\crocket.nativecodeanalysis.xml
c:\users\martin\documents\visual studio 2015\projects\spy hunter\spy hunter\debug\csound.nativecodeanalysis.xml
c:\users\martin\documents\visual studio 2015\projects\spy hunter\spy hunter\debug\csoundmgr.nativecodeanalysis.xml
c:\users\martin\documents\visual studio 2015\projects\spy hunter\spy hunter\debug\csprite.nativecodeanalysis.xml
c:\users\martin\documents\visual studio 2015\projects\spy hunter\spy hunter\debug\ctexture.nativecodeanalysis.xml
c:\users\martin\documents\visual studio 2015\projects\spy hunter\spy hunter\debug\cwndmanager.nativecodeanalysis.xml
c:\users\martin\documents\visual studio 2015\projects\spy hunter\spy hunter\debug\main.nativecodeanalysis.xml
c:\users\martin\documents\visual studio 2015\projects\spy hunter\spy hunter\debug\windowogl.nativecodeanalysis.xml
c:\users\martin\documents\visual studio 2015\projects\spy hunter\spy hunter\debug\windowogl.obj
c:\users\martin\documents\visual studio 2015\projects\spy hunter\spy hunter\debug\main.obj
c:\users\martin\documents\visual studio 2015\projects\spy hunter\spy hunter\debug\cwndmanager.obj
c:\users\martin\documents\visual studio 2015\projects\spy hunter\spy hunter\debug\ctexture.obj
c:\users\martin\documents\visual studio 2015\projects\spy hunter\spy hunter\debug\csprite.obj
c:\users\martin\documents\visual studio 2015\projects\spy hunter\spy hunter\debug\csoundmgr.obj
c:\users\martin\documents\visual studio 2015\projects\spy hunter\spy hunter\debug\csound.obj
c:\users\martin\documents\visual studio 2015\projects\spy hunter\spy hunter\debug\crocket.obj
c:\users\martin\documents\visual studio 2015\projects\spy hunter\spy hunter\debug\cinputmgr.obj
c:\users\martin\documents\visual studio 2015\projects\spy hunter\spy hunter\debug\cfontmgr.obj
c:\users\martin\documents\visual studio 2015\projects\spy hunter\spy hunter\debug\cfont.obj
c:\users\martin\documents\visual studio 2015\projects\spy hunter\spy hunter\debug\cbutton.obj
c:\users\martin\documents\visual studio 2015\projects\spy hunter\spy hunter\debug\cbullet.obj
c:\users\martin\documents\visual studio 2015\projects\spy hunter\spy hunter\debug\cbkground.obj
c:\users\martin\documents\visual studio 2015\projects\spy hunter\spy hunter\debug\casteroid.obj
c:\users\martin\documents\visual studio 2015\projects\spy hunter\spy hunter\debug\asteroidsgame.obj
c:\users\martin\documents\visual studio 2015\projects\spy hunter\debug\spy hunter.ilk
c:\users\martin\documents\visual studio 2015\projects\spy hunter\debug\spy hunter.exe
c:\users\martin\documents\visual studio 2015\projects\spy hunter\debug\spy hunter.pdb
c:\users\martin\documents\visual studio 2015\projects\spy hunter\spy hunter\debug\nativecodeanalysis.read.1.tlog
c:\users\martin\documents\visual studio 2015\projects\spy hunter\spy hunter\debug\vc.nativecodeanalysis.all.xml
c:\users\martin\documents\visual studio 2015\projects\spy hunter\debug\spy hunter.exe.lastcodeanalysissucceeded
c:\users\martin\documents\visual studio 2015\projects\spy hunter\spy hunter\debug\spy hunter.tlog\cl.command.1.tlog
c:\users\martin\documents\visual studio 2015\projects\spy hunter\spy hunter\debug\spy hunter.tlog\cl.read.1.tlog
c:\users\martin\documents\visual studio 2015\projects\spy hunter\spy hunter\debug\spy hunter.tlog\cl.write.1.tlog
c:\users\martin\documents\visual studio 2015\projects\spy hunter\spy hunter\debug\spy hunter.tlog\link.command.1.tlog
c:\users\martin\documents\visual studio 2015\projects\spy hunter\spy hunter\debug\spy hunter.tlog\link.read.1.tlog
c:\users\martin\documents\visual studio 2015\projects\spy hunter\spy hunter\debug\spy hunter.tlog\link.write.1.tlog
